<?xml version="1.0" encoding="UTF-8"?>
<testsuite name="com.webapp.WebApp.WebAppApplicationTests" tests="1" skipped="0" failures="0" errors="0" timestamp="2020-03-23T10:20:20" hostname="evegitlab" time="2.239">
  <properties/>
  <testcase name="contextLoads()" classname="com.webapp.WebApp.WebAppApplicationTests" time="2.239"/>
  <system-out><![CDATA[11:20:05.499 [Test worker] DEBUG org.springframework.test.context.BootstrapUtils - Instantiating CacheAwareContextLoaderDelegate from class [org.springframework.test.context.cache.DefaultCacheAwareContextLoaderDelegate]
11:20:05.616 [Test worker] DEBUG org.springframework.test.context.BootstrapUtils - Instantiating BootstrapContext using constructor [public org.springframework.test.context.support.DefaultBootstrapContext(java.lang.Class,org.springframework.test.context.CacheAwareContextLoaderDelegate)]
11:20:05.883 [Test worker] DEBUG org.springframework.test.context.BootstrapUtils - Instantiating TestContextBootstrapper for test class [com.webapp.WebApp.WebAppApplicationTests] from class [org.springframework.boot.test.context.SpringBootTestContextBootstrapper]
11:20:05.979 [Test worker] INFO org.springframework.boot.test.context.SpringBootTestContextBootstrapper - Neither @ContextConfiguration nor @ContextHierarchy found for test class [com.webapp.WebApp.WebAppApplicationTests], using SpringBootContextLoader
11:20:05.998 [Test worker] DEBUG org.springframework.test.context.support.AbstractContextLoader - Did not detect default resource location for test class [com.webapp.WebApp.WebAppApplicationTests]: class path resource [com/webapp/WebApp/WebAppApplicationTests-context.xml] does not exist
11:20:06.007 [Test worker] DEBUG org.springframework.test.context.support.AbstractContextLoader - Did not detect default resource location for test class [com.webapp.WebApp.WebAppApplicationTests]: class path resource [com/webapp/WebApp/WebAppApplicationTestsContext.groovy] does not exist
11:20:06.013 [Test worker] INFO org.springframework.test.context.support.AbstractContextLoader - Could not detect default resource locations for test class [com.webapp.WebApp.WebAppApplicationTests]: no resource found for suffixes {-context.xml, Context.groovy}.
11:20:06.026 [Test worker] INFO org.springframework.test.context.support.AnnotationConfigContextLoaderUtils - Could not detect default configuration classes for test class [com.webapp.WebApp.WebAppApplicationTests]: WebAppApplicationTests does not declare any static, non-private, non-final, nested classes annotated with @Configuration.
11:20:06.408 [Test worker] DEBUG org.springframework.test.context.support.ActiveProfilesUtils - Could not find an 'annotation declaring class' for annotation type [org.springframework.test.context.ActiveProfiles] and class [com.webapp.WebApp.WebAppApplicationTests]
11:20:06.901 [Test worker] DEBUG org.springframework.context.annotation.ClassPathScanningCandidateComponentProvider - Identified candidate component class: file [/home/everis/Escritorio/WebApp/WebApp/build/classes/java/main/com/webapp/WebApp/WebAppApplication.class]
11:20:06.910 [Test worker] INFO org.springframework.boot.test.context.SpringBootTestContextBootstrapper - Found @SpringBootConfiguration com.webapp.WebApp.WebAppApplication for test class com.webapp.WebApp.WebAppApplicationTests
11:20:07.695 [Test worker] DEBUG org.springframework.boot.test.context.SpringBootTestContextBootstrapper - @TestExecutionListeners is not present for class [com.webapp.WebApp.WebAppApplicationTests]: using defaults.
11:20:07.697 [Test worker] INFO org.springframework.boot.test.context.SpringBootTestContextBootstrapper - Loaded default TestExecutionListener class names from location [META-INF/spring.factories]: [org.springframework.boot.test.autoconfigure.restdocs.RestDocsTestExecutionListener, org.springframework.boot.test.autoconfigure.web.client.MockRestServiceServerResetTestExecutionListener, org.springframework.boot.test.autoconfigure.web.servlet.MockMvcPrintOnlyOnFailureTestExecutionListener, org.springframework.boot.test.autoconfigure.web.servlet.WebDriverTestExecutionListener, org.springframework.boot.test.mock.mockito.MockitoTestExecutionListener, org.springframework.boot.test.mock.mockito.ResetMocksTestExecutionListener, org.springframework.test.context.web.ServletTestExecutionListener, org.springframework.test.context.support.DirtiesContextBeforeModesTestExecutionListener, org.springframework.test.context.support.DependencyInjectionTestExecutionListener, org.springframework.test.context.support.DirtiesContextTestExecutionListener, org.springframework.test.context.transaction.TransactionalTestExecutionListener, org.springframework.test.context.jdbc.SqlScriptsTestExecutionListener, org.springframework.test.context.event.EventPublishingTestExecutionListener]
11:20:07.765 [Test worker] DEBUG org.springframework.boot.test.context.SpringBootTestContextBootstrapper - Skipping candidate TestExecutionListener [org.springframework.test.context.transaction.TransactionalTestExecutionListener] due to a missing dependency. Specify custom listener classes or make the default listener classes and their required dependencies available. Offending class: [org/springframework/transaction/TransactionDefinition]
11:20:07.768 [Test worker] DEBUG org.springframework.boot.test.context.SpringBootTestContextBootstrapper - Skipping candidate TestExecutionListener [org.springframework.test.context.jdbc.SqlScriptsTestExecutionListener] due to a missing dependency. Specify custom listener classes or make the default listener classes and their required dependencies available. Offending class: [org/springframework/transaction/interceptor/TransactionAttribute]
11:20:07.770 [Test worker] INFO org.springframework.boot.test.context.SpringBootTestContextBootstrapper - Using TestExecutionListeners: [org.springframework.test.context.web.ServletTestExecutionListener@88a8a7b, org.springframework.test.context.support.DirtiesContextBeforeModesTestExecutionListener@5f5eb61c, org.springframework.boot.test.mock.mockito.MockitoTestExecutionListener@78468cde, org.springframework.boot.test.autoconfigure.SpringBootDependencyInjectionTestExecutionListener@3e4fa62b, org.springframework.test.context.support.DirtiesContextTestExecutionListener@624a2acb, org.springframework.test.context.event.EventPublishingTestExecutionListener@488e8ec8, org.springframework.boot.test.autoconfigure.restdocs.RestDocsTestExecutionListener@462cb7b, org.springframework.boot.test.autoconfigure.web.client.MockRestServiceServerResetTestExecutionListener@475f4b22, org.springframework.boot.test.autoconfigure.web.servlet.MockMvcPrintOnlyOnFailureTestExecutionListener@74f02d70, org.springframework.boot.test.autoconfigure.web.servlet.WebDriverTestExecutionListener@48b405e8, org.springframework.boot.test.mock.mockito.ResetMocksTestExecutionListener@5a9f2696]
11:20:07.784 [Test worker] DEBUG org.springframework.test.context.support.AbstractDirtiesContextTestExecutionListener - Before test class: context [DefaultTestContext@6c4a0784 testClass = WebAppApplicationTests, testInstance = [null], testMethod = [null], testException = [null], mergedContextConfiguration = [WebMergedContextConfiguration@1b99f2cb testClass = WebAppApplicationTests, locations = '{}', classes = '{class com.webapp.WebApp.WebAppApplication}', contextInitializerClasses = '[]', activeProfiles = '{}', propertySourceLocations = '{}', propertySourceProperties = '{org.springframework.boot.test.context.SpringBootTestContextBootstrapper=true}', contextCustomizers = set[org.springframework.boot.test.autoconfigure.properties.PropertyMappingContextCustomizer@0, org.springframework.boot.test.autoconfigure.web.servlet.WebDriverContextCustomizerFactory$Customizer@7819d1dd, org.springframework.boot.test.context.filter.ExcludeFilterContextCustomizer@38c90d8b, org.springframework.boot.test.json.DuplicateJsonObjectContextCustomizerFactory$DuplicateJsonObjectContextCustomizer@2b279b12, org.springframework.boot.test.mock.mockito.MockitoContextCustomizer@0, org.springframework.boot.test.web.client.TestRestTemplateContextCustomizer@6c126f9f], resourceBasePath = 'src/main/webapp', contextLoader = 'org.springframework.boot.test.context.SpringBootContextLoader', parent = [null]], attributes = map['org.springframework.test.context.web.ServletTestExecutionListener.activateListener' -> true]], class annotated with @DirtiesContext [false] with mode [null].
11:20:07.976 [Test worker] DEBUG org.springframework.test.context.support.TestPropertySourceUtils - Adding inlined properties to environment: {spring.jmx.enabled=false, org.springframework.boot.test.context.SpringBootTestContextBootstrapper=true, server.port=-1}

  .   ____          _            __ _ _
 /\\ / ___'_ __ _ _(_)_ __  __ _ \ \ \ \
( ( )\___ | '_ | '_| | '_ \/ _` | \ \ \ \
 \\/  ___)| |_)| | | | | || (_| |  ) ) ) )
  '  |____| .__|_| |_|_| |_\__, | / / / /
 =========|_|==============|___/=/_/_/_/
 :: Spring Boot ::        (v2.2.4.RELEASE)

2020-03-23 11:20:10.262  INFO 9628 --- [    Test worker] c.webapp.WebApp.WebAppApplicationTests   : Starting WebAppApplicationTests on evegitlab with PID 9628 (started by root in /home/everis/Escritorio/WebApp/WebApp)
2020-03-23 11:20:10.270  INFO 9628 --- [    Test worker] c.webapp.WebApp.WebAppApplicationTests   : No active profile set, falling back to default profiles: default
2020-03-23 11:20:18.730  INFO 9628 --- [    Test worker] o.s.s.concurrent.ThreadPoolTaskExecutor  : Initializing ExecutorService 'applicationTaskExecutor'
2020-03-23 11:20:19.419  INFO 9628 --- [    Test worker] o.s.b.a.w.s.WelcomePageHandlerMapping    : Adding welcome page template: index
2020-03-23 11:20:20.756  INFO 9628 --- [    Test worker] c.webapp.WebApp.WebAppApplicationTests   : Started WebAppApplicationTests in 12.709 seconds (JVM running for 21.0)
]]></system-out>
  <system-err><![CDATA[]]></system-err>
</testsuite>
