<?xml version="1.0" encoding="UTF-8"?>
<testsuite name="com.webapp.WebApp.WebAppApplicationTests" tests="1" skipped="0" failures="0" errors="0" timestamp="2020-03-23T09:52:25" hostname="evegitlab" time="1.226">
  <properties/>
  <testcase name="contextLoads()" classname="com.webapp.WebApp.WebAppApplicationTests" time="1.226"/>
  <system-out><![CDATA[10:52:17.354 [Test worker] DEBUG org.springframework.test.context.BootstrapUtils - Instantiating CacheAwareContextLoaderDelegate from class [org.springframework.test.context.cache.DefaultCacheAwareContextLoaderDelegate]
10:52:17.410 [Test worker] DEBUG org.springframework.test.context.BootstrapUtils - Instantiating BootstrapContext using constructor [public org.springframework.test.context.support.DefaultBootstrapContext(java.lang.Class,org.springframework.test.context.CacheAwareContextLoaderDelegate)]
10:52:17.532 [Test worker] DEBUG org.springframework.test.context.BootstrapUtils - Instantiating TestContextBootstrapper for test class [com.webapp.WebApp.WebAppApplicationTests] from class [org.springframework.boot.test.context.SpringBootTestContextBootstrapper]
10:52:17.585 [Test worker] INFO org.springframework.boot.test.context.SpringBootTestContextBootstrapper - Neither @ContextConfiguration nor @ContextHierarchy found for test class [com.webapp.WebApp.WebAppApplicationTests], using SpringBootContextLoader
10:52:17.599 [Test worker] DEBUG org.springframework.test.context.support.AbstractContextLoader - Did not detect default resource location for test class [com.webapp.WebApp.WebAppApplicationTests]: class path resource [com/webapp/WebApp/WebAppApplicationTests-context.xml] does not exist
10:52:17.601 [Test worker] DEBUG org.springframework.test.context.support.AbstractContextLoader - Did not detect default resource location for test class [com.webapp.WebApp.WebAppApplicationTests]: class path resource [com/webapp/WebApp/WebAppApplicationTestsContext.groovy] does not exist
10:52:17.602 [Test worker] INFO org.springframework.test.context.support.AbstractContextLoader - Could not detect default resource locations for test class [com.webapp.WebApp.WebAppApplicationTests]: no resource found for suffixes {-context.xml, Context.groovy}.
10:52:17.605 [Test worker] INFO org.springframework.test.context.support.AnnotationConfigContextLoaderUtils - Could not detect default configuration classes for test class [com.webapp.WebApp.WebAppApplicationTests]: WebAppApplicationTests does not declare any static, non-private, non-final, nested classes annotated with @Configuration.
10:52:17.789 [Test worker] DEBUG org.springframework.test.context.support.ActiveProfilesUtils - Could not find an 'annotation declaring class' for annotation type [org.springframework.test.context.ActiveProfiles] and class [com.webapp.WebApp.WebAppApplicationTests]
10:52:18.049 [Test worker] DEBUG org.springframework.context.annotation.ClassPathScanningCandidateComponentProvider - Identified candidate component class: file [/home/everis/Escritorio/WebApp/WebApp/build/classes/java/main/com/webapp/WebApp/WebAppApplication.class]
10:52:18.053 [Test worker] INFO org.springframework.boot.test.context.SpringBootTestContextBootstrapper - Found @SpringBootConfiguration com.webapp.WebApp.WebAppApplication for test class com.webapp.WebApp.WebAppApplicationTests
10:52:18.351 [Test worker] DEBUG org.springframework.boot.test.context.SpringBootTestContextBootstrapper - @TestExecutionListeners is not present for class [com.webapp.WebApp.WebAppApplicationTests]: using defaults.
10:52:18.353 [Test worker] INFO org.springframework.boot.test.context.SpringBootTestContextBootstrapper - Loaded default TestExecutionListener class names from location [META-INF/spring.factories]: [org.springframework.boot.test.autoconfigure.restdocs.RestDocsTestExecutionListener, org.springframework.boot.test.autoconfigure.web.client.MockRestServiceServerResetTestExecutionListener, org.springframework.boot.test.autoconfigure.web.servlet.MockMvcPrintOnlyOnFailureTestExecutionListener, org.springframework.boot.test.autoconfigure.web.servlet.WebDriverTestExecutionListener, org.springframework.boot.test.mock.mockito.MockitoTestExecutionListener, org.springframework.boot.test.mock.mockito.ResetMocksTestExecutionListener, org.springframework.test.context.web.ServletTestExecutionListener, org.springframework.test.context.support.DirtiesContextBeforeModesTestExecutionListener, org.springframework.test.context.support.DependencyInjectionTestExecutionListener, org.springframework.test.context.support.DirtiesContextTestExecutionListener, org.springframework.test.context.transaction.TransactionalTestExecutionListener, org.springframework.test.context.jdbc.SqlScriptsTestExecutionListener, org.springframework.test.context.event.EventPublishingTestExecutionListener]
10:52:18.379 [Test worker] DEBUG org.springframework.boot.test.context.SpringBootTestContextBootstrapper - Skipping candidate TestExecutionListener [org.springframework.test.context.transaction.TransactionalTestExecutionListener] due to a missing dependency. Specify custom listener classes or make the default listener classes and their required dependencies available. Offending class: [org/springframework/transaction/TransactionDefinition]
10:52:18.382 [Test worker] DEBUG org.springframework.boot.test.context.SpringBootTestContextBootstrapper - Skipping candidate TestExecutionListener [org.springframework.test.context.jdbc.SqlScriptsTestExecutionListener] due to a missing dependency. Specify custom listener classes or make the default listener classes and their required dependencies available. Offending class: [org/springframework/transaction/interceptor/TransactionAttribute]
10:52:18.383 [Test worker] INFO org.springframework.boot.test.context.SpringBootTestContextBootstrapper - Using TestExecutionListeners: [org.springframework.test.context.web.ServletTestExecutionListener@2763110e, org.springframework.test.context.support.DirtiesContextBeforeModesTestExecutionListener@4750bd53, org.springframework.boot.test.mock.mockito.MockitoTestExecutionListener@b1e1be3, org.springframework.boot.test.autoconfigure.SpringBootDependencyInjectionTestExecutionListener@7c84ed32, org.springframework.test.context.support.DirtiesContextTestExecutionListener@435078cd, org.springframework.test.context.event.EventPublishingTestExecutionListener@1a8ffd1, org.springframework.boot.test.autoconfigure.restdocs.RestDocsTestExecutionListener@7a922d04, org.springframework.boot.test.autoconfigure.web.client.MockRestServiceServerResetTestExecutionListener@21a4b219, org.springframework.boot.test.autoconfigure.web.servlet.MockMvcPrintOnlyOnFailureTestExecutionListener@617220f0, org.springframework.boot.test.autoconfigure.web.servlet.WebDriverTestExecutionListener@27e21d78, org.springframework.boot.test.mock.mockito.ResetMocksTestExecutionListener@4cf3ee8d]
10:52:18.392 [Test worker] DEBUG org.springframework.test.context.support.AbstractDirtiesContextTestExecutionListener - Before test class: context [DefaultTestContext@1d5e8f7b testClass = WebAppApplicationTests, testInstance = [null], testMethod = [null], testException = [null], mergedContextConfiguration = [WebMergedContextConfiguration@3f39f556 testClass = WebAppApplicationTests, locations = '{}', classes = '{class com.webapp.WebApp.WebAppApplication}', contextInitializerClasses = '[]', activeProfiles = '{}', propertySourceLocations = '{}', propertySourceProperties = '{org.springframework.boot.test.context.SpringBootTestContextBootstrapper=true}', contextCustomizers = set[org.springframework.boot.test.autoconfigure.properties.PropertyMappingContextCustomizer@0, org.springframework.boot.test.autoconfigure.web.servlet.WebDriverContextCustomizerFactory$Customizer@d945da8, org.springframework.boot.test.context.filter.ExcludeFilterContextCustomizer@7f1f072d, org.springframework.boot.test.json.DuplicateJsonObjectContextCustomizerFactory$DuplicateJsonObjectContextCustomizer@31f6ba60, org.springframework.boot.test.mock.mockito.MockitoContextCustomizer@0, org.springframework.boot.test.web.client.TestRestTemplateContextCustomizer@45bdff4d], resourceBasePath = 'src/main/webapp', contextLoader = 'org.springframework.boot.test.context.SpringBootContextLoader', parent = [null]], attributes = map['org.springframework.test.context.web.ServletTestExecutionListener.activateListener' -> true]], class annotated with @DirtiesContext [false] with mode [null].
10:52:18.542 [Test worker] DEBUG org.springframework.test.context.support.TestPropertySourceUtils - Adding inlined properties to environment: {spring.jmx.enabled=false, org.springframework.boot.test.context.SpringBootTestContextBootstrapper=true, server.port=-1}

  .   ____          _            __ _ _
 /\\ / ___'_ __ _ _(_)_ __  __ _ \ \ \ \
( ( )\___ | '_ | '_| | '_ \/ _` | \ \ \ \
 \\/  ___)| |_)| | | | | || (_| |  ) ) ) )
  '  |____| .__|_| |_|_| |_\__, | / / / /
 =========|_|==============|___/=/_/_/_/
 :: Spring Boot ::        (v2.2.4.RELEASE)

2020-03-23 10:52:20.074  INFO 7863 --- [    Test worker] c.webapp.WebApp.WebAppApplicationTests   : Starting WebAppApplicationTests on evegitlab with PID 7863 (started by root in /home/everis/Escritorio/WebApp/WebApp)
2020-03-23 10:52:20.083  INFO 7863 --- [    Test worker] c.webapp.WebApp.WebAppApplicationTests   : No active profile set, falling back to default profiles: default
2020-03-23 10:52:24.740  INFO 7863 --- [    Test worker] o.s.s.concurrent.ThreadPoolTaskExecutor  : Initializing ExecutorService 'applicationTaskExecutor'
2020-03-23 10:52:25.015  INFO 7863 --- [    Test worker] o.s.b.a.w.s.WelcomePageHandlerMapping    : Adding welcome page template: index
2020-03-23 10:52:25.740  INFO 7863 --- [    Test worker] c.webapp.WebApp.WebAppApplicationTests   : Started WebAppApplicationTests in 7.163 seconds (JVM running for 12.152)
]]></system-out>
  <system-err><![CDATA[]]></system-err>
</testsuite>
